Determining if the pthread_create exist failed with the following output:
Change Dir: /home/jindong/Lidar_SLAM/Exercise/ch4/HW4/imlsMatcherProject/src/champion_nav_msgs/build/CMakeFiles/CMakeTmp

Run Build Command:"/usr/bin/make" "cmTC_fc969/fast"
/usr/bin/make -f CMakeFiles/cmTC_fc969.dir/build.make CMakeFiles/cmTC_fc969.dir/build
make[1]: Entering directory '/home/jindong/Lidar_SLAM/Exercise/ch4/HW4/imlsMatcherProject/src/champion_nav_msgs/build/CMakeFiles/CMakeTmp'
Building C object CMakeFiles/cmTC_fc969.dir/CheckSymbolExists.c.o
/usr/bin/cc    -o CMakeFiles/cmTC_fc969.dir/CheckSymbolExists.c.o   -c /home/jindong/Lidar_SLAM/Exercise/ch4/HW4/imlsMatcherProject/src/champion_nav_msgs/build/CMakeFiles/CMakeTmp/CheckSymbolExists.c
Linking C executable cmTC_fc969
/usr/bin/cmake -E cmake_link_script CMakeFiles/cmTC_fc969.dir/link.txt --verbose=1
/usr/bin/cc      -rdynamic CMakeFiles/cmTC_fc969.dir/CheckSymbolExists.c.o  -o cmTC_fc969 
CMakeFiles/cmTC_fc969.dir/CheckSymbolExists.c.o: In function `main':
CheckSymbolExists.c:(.text+0x1b): undefined reference to `pthread_create'
collect2: error: ld returned 1 exit status
CMakeFiles/cmTC_fc969.dir/build.make:97: recipe for target 'cmTC_fc969' failed
make[1]: *** [cmTC_fc969] Error 1
make[1]: Leaving directory '/home/jindong/Lidar_SLAM/Exercise/ch4/HW4/imlsMatcherProject/src/champion_nav_msgs/build/CMakeFiles/CMakeTmp'
Makefile:126: recipe for target 'cmTC_fc969/fast' failed
make: *** [cmTC_fc969/fast] Error 2

File /home/jindong/Lidar_SLAM/Exercise/ch4/HW4/imlsMatcherProject/src/champion_nav_msgs/build/CMakeFiles/CMakeTmp/CheckSymbolExists.c:
/* */
#include <pthread.h>

int main(int argc, char** argv)
{
  (void)argv;
#ifndef pthread_create
  return ((int*)(&pthread_create))[argc];
#else
  (void)argc;
  return 0;
#endif
}

Determining if the function pthread_create exists in the pthreads failed with the following output:
Change Dir: /home/jindong/Lidar_SLAM/Exercise/ch4/HW4/imlsMatcherProject/src/champion_nav_msgs/build/CMakeFiles/CMakeTmp

Run Build Command:"/usr/bin/make" "cmTC_27a8a/fast"
/usr/bin/make -f CMakeFiles/cmTC_27a8a.dir/build.make CMakeFiles/cmTC_27a8a.dir/build
make[1]: Entering directory '/home/jindong/Lidar_SLAM/Exercise/ch4/HW4/imlsMatcherProject/src/champion_nav_msgs/build/CMakeFiles/CMakeTmp'
Building C object CMakeFiles/cmTC_27a8a.dir/CheckFunctionExists.c.o
/usr/bin/cc   -DCHECK_FUNCTION_EXISTS=pthread_create   -o CMakeFiles/cmTC_27a8a.dir/CheckFunctionExists.c.o   -c /usr/share/cmake-3.10/Modules/CheckFunctionExists.c
Linking C executable cmTC_27a8a
/usr/bin/cmake -E cmake_link_script CMakeFiles/cmTC_27a8a.dir/link.txt --verbose=1
/usr/bin/cc  -DCHECK_FUNCTION_EXISTS=pthread_create    -rdynamic CMakeFiles/cmTC_27a8a.dir/CheckFunctionExists.c.o  -o cmTC_27a8a -lpthreads 
/usr/bin/ld: cannot find -lpthreads
collect2: error: ld returned 1 exit status
CMakeFiles/cmTC_27a8a.dir/build.make:97: recipe for target 'cmTC_27a8a' failed
make[1]: *** [cmTC_27a8a] Error 1
make[1]: Leaving directory '/home/jindong/Lidar_SLAM/Exercise/ch4/HW4/imlsMatcherProject/src/champion_nav_msgs/build/CMakeFiles/CMakeTmp'
Makefile:126: recipe for target 'cmTC_27a8a/fast' failed
make: *** [cmTC_27a8a/fast] Error 2


